[
  {
    "level": "INFO",
    "message": "android.ndkVersion from module build.gradle is [not set]"
  },
  {
    "level": "INFO",
    "message": "android.ndkPath from module build.gradle is not set"
  },
  {
    "level": "INFO",
    "message": "ndk.dir in local.properties is not set"
  },
  {
    "level": "INFO",
    "message": "Not considering ANDROID_NDK_HOME because support was removed after deprecation period."
  },
  {
    "level": "INFO",
    "message": "sdkFolder is C:\\Program Files\\Unity\\Hub\\Editor\\2021.3.8f1c1\\Editor\\Data\\PlaybackEngines\\AndroidPlayer\\SDK"
  },
  {
    "level": "INFO",
    "message": "NDK side-by-side folder from sdkFolder C:\\Program Files\\Unity\\Hub\\Editor\\2021.3.8f1c1\\Editor\\Data\\PlaybackEngines\\AndroidPlayer\\SDK\\ndk does not exist"
  },
  {
    "level": "INFO",
    "message": "Because no explicit NDK was requested, the default version [21.1.6352462] for this Android Gradle Plugin will be used"
  },
  {
    "level": "INFO",
    "message": "Folder C:\\Program Files\\Unity\\Hub\\Editor\\2021.3.8f1c1\\Editor\\Data\\PlaybackEngines\\AndroidPlayer\\SDK\\ndk\\21.1.6352462 does not exist. Ignoring."
  },
  {
    "level": "INFO",
    "message": "Folder C:\\Program Files\\Unity\\Hub\\Editor\\2021.3.8f1c1\\Editor\\Data\\PlaybackEngines\\AndroidPlayer\\SDK\\ndk-bundle does not exist. Ignoring."
  },
  {
    "level": "INFO",
    "message": "No NDK was found. Trying to download it now."
  }
]